# JRE version: Java(TM) SE Runtime Environment (17.0.7+8) (build 17.0.7+8-LTS-224)
# Java VM: Java HotSpot(TM) 64-Bit Server VM (17.0.7+8-LTS-224, mixed mode, emulated-client, sharing, tiered, compressed oops, compressed class ptrs, g1 gc, windows-amd64)
GC Precious Log:
 CPUs: 4 total, 4 available
 Memory: 4014M
 Large Page Support: Disabled
 NUMA Support: Disabled
 Compressed Oops: Enabled (32-bit)
 Heap Region Size: 1M
 Heap Min Capacity: 8M
 Heap Initial Capacity: 64M
 Heap Max Capacity: 1004M
 Pre-touch: Disabled
 Parallel Workers: 4
 Concurrent Workers: 1
 Concurrent Refinement Workers: 4
 Periodic GC: Disabled
Heap:
 garbage-first heap   total 51200K, used 38542K [0x00000000c1400000, 0x0000000100000000)
  region size 1024K, 20 young (20480K), 3 survivors (3072K)
 Metaspace       used 48737K, committed 49152K, reserved 1097728K
  class space    used 6988K, committed 7168K, reserved 1048576K
GC Heap History (20 events):
Event: 2.338 GC heap before
{Heap before GC invocations=2 (full 0):
 garbage-first heap   total 65536K, used 27275K [0x00000000c1400000, 0x0000000100000000)
  region size 1024K, 20 young (20480K), 1 survivors (1024K)
 Metaspace       used 11182K, committed 11392K, reserved 1064960K
  class space    used 1519K, committed 1600K, reserved 1048576K
}
Event: 2.343 GC heap after
{Heap after GC invocations=3 (full 0):
 garbage-first heap   total 65536K, used 9236K [0x00000000c1400000, 0x0000000100000000)
  region size 1024K, 3 young (3072K), 3 survivors (3072K)
 Metaspace       used 11182K, committed 11392K, reserved 1064960K
  class space    used 1519K, committed 1600K, reserved 1048576K
}
Event: 2.972 GC heap before
{Heap before GC invocations=3 (full 0):
 garbage-first heap   total 65536K, used 40980K [0x00000000c1400000, 0x0000000100000000)
  region size 1024K, 34 young (34816K), 3 survivors (3072K)
 Metaspace       used 17713K, committed 17984K, reserved 1064960K
  class space    used 2345K, committed 2496K, reserved 1048576K
}
Event: 2.980 GC heap after
{Heap after GC invocations=4 (full 0):
 garbage-first heap   total 65536K, used 11492K [0x00000000c1400000, 0x0000000100000000)
  region size 1024K, 5 young (5120K), 5 survivors (5120K)
 Metaspace       used 17713K, committed 17984K, reserved 1064960K
  class space    used 2345K, committed 2496K, reserved 1048576K
}
Event: 3.886 GC heap before
{Heap before GC invocations=4 (full 0):
 garbage-first heap   total 65536K, used 41188K [0x00000000c1400000, 0x0000000100000000)
  region size 1024K, 35 young (35840K), 5 survivors (5120K)
 Metaspace       used 20890K, committed 21184K, reserved 1073152K
  class space    used 2815K, committed 2944K, reserved 1048576K
}
Event: 3.897 GC heap after
{Heap after GC invocations=5 (full 0):
 garbage-first heap   total 65536K, used 13863K [0x00000000c1400000, 0x0000000100000000)
  region size 1024K, 5 young (5120K), 5 survivors (5120K)
 Metaspace       used 20890K, committed 21184K, reserved 1073152K
  class space    used 2815K, committed 2944K, reserved 1048576K
}
Event: 3.969 GC heap before
{Heap before GC invocations=5 (full 0):
 garbage-first heap   total 65536K, used 14887K [0x00000000c1400000, 0x0000000100000000)
  region size 1024K, 7 young (7168K), 5 survivors (5120K)
 Metaspace       used 21235K, committed 21504K, reserved 1073152K
  class space    used 2872K, committed 3008K, reserved 1048576K
}
Event: 3.983 GC heap after
{Heap after GC invocations=6 (full 0):
 garbage-first heap   total 78848K, used 14187K [0x00000000c1400000, 0x0000000100000000)
  region size 1024K, 3 young (3072K), 3 survivors (3072K)
 Metaspace       used 21235K, committed 21504K, reserved 1073152K
  class space    used 2872K, committed 3008K, reserved 1048576K
}
Event: 4.917 GC heap before
{Heap before GC invocations=7 (full 0):
 garbage-first heap   total 51200K, used 41835K [0x00000000c1400000, 0x0000000100000000)
  region size 1024K, 30 young (30720K), 3 survivors (3072K)
 Metaspace       used 25349K, committed 25728K, reserved 1073152K
  class space    used 3545K, committed 3712K, reserved 1048576K
}
Event: 4.934 GC heap after
{Heap after GC invocations=8 (full 0):
 garbage-first heap   total 51200K, used 16575K [0x00000000c1400000, 0x0000000100000000)
  region size 1024K, 3 young (3072K), 3 survivors (3072K)
 Metaspace       used 25349K, committed 25728K, reserved 1073152K
  class space    used 3545K, committed 3712K, reserved 1048576K
}
Event: 5.629 GC heap before
{Heap before GC invocations=8 (full 0):
 garbage-first heap   total 51200K, used 37055K [0x00000000c1400000, 0x0000000100000000)
  region size 1024K, 23 young (23552K), 3 survivors (3072K)
 Metaspace       used 28684K, committed 29056K, reserved 1081344K
  class space    used 3963K, committed 4160K, reserved 1048576K
}
Event: 5.639 GC heap after
{Heap after GC invocations=9 (full 0):
 garbage-first heap   total 51200K, used 18014K [0x00000000c1400000, 0x0000000100000000)
  region size 1024K, 2 young (2048K), 2 survivors (2048K)
 Metaspace       used 28684K, committed 29056K, reserved 1081344K
  class space    used 3963K, committed 4160K, reserved 1048576K
}
Event: 6.370 GC heap before
{Heap before GC invocations=9 (full 0):
 garbage-first heap   total 51200K, used 37470K [0x00000000c1400000, 0x0000000100000000)
  region size 1024K, 21 young (21504K), 2 survivors (2048K)
 Metaspace       used 32675K, committed 33088K, reserved 1081344K
  class space    used 4618K, committed 4800K, reserved 1048576K
}
Event: 6.374 GC heap after
{Heap after GC invocations=10 (full 0):
 garbage-first heap   total 51200K, used 18685K [0x00000000c1400000, 0x0000000100000000)
  region size 1024K, 3 young (3072K), 3 survivors (3072K)
 Metaspace       used 32675K, committed 33088K, reserved 1081344K
  class space    used 4618K, committed 4800K, reserved 1048576K
}
Event: 6.781 GC heap before
{Heap before GC invocations=10 (full 0):
 garbage-first heap   total 51200K, used 29949K [0x00000000c1400000, 0x0000000100000000)
  region size 1024K, 15 young (15360K), 3 survivors (3072K)
 Metaspace       used 35655K, committed 36096K, reserved 1081344K
  class space    used 4976K, committed 5184K, reserved 1048576K
}
Event: 6.787 GC heap after
{Heap after GC invocations=11 (full 0):
 garbage-first heap   total 51200K, used 19889K [0x00000000c1400000, 0x0000000100000000)
  region size 1024K, 2 young (2048K), 2 survivors (2048K)
 Metaspace       used 35655K, committed 36096K, reserved 1081344K
  class space    used 4976K, committed 5184K, reserved 1048576K
}
Event: 7.506 GC heap before
{Heap before GC invocations=12 (full 0):
 garbage-first heap   total 51200K, used 39345K [0x00000000c1400000, 0x0000000100000000)
  region size 1024K, 21 young (21504K), 2 survivors (2048K)
 Metaspace       used 39970K, committed 40448K, reserved 1089536K
  class space    used 5600K, committed 5824K, reserved 1048576K
}
Event: 7.511 GC heap after
{Heap after GC invocations=13 (full 0):
 garbage-first heap   total 51200K, used 21495K [0x00000000c1400000, 0x0000000100000000)
  region size 1024K, 3 young (3072K), 3 survivors (3072K)
 Metaspace       used 39970K, committed 40448K, reserved 1089536K
  class space    used 5600K, committed 5824K, reserved 1048576K
}
Event: 8.152 GC heap before
{Heap before GC invocations=13 (full 0):
 garbage-first heap   total 51200K, used 38903K [0x00000000c1400000, 0x0000000100000000)
  region size 1024K, 21 young (21504K), 3 survivors (3072K)
 Metaspace       used 45322K, committed 45824K, reserved 1089536K
  class space    used 6369K, committed 6592K, reserved 1048576K
}
Event: 8.158 GC heap after
{Heap after GC invocations=14 (full 0):
 garbage-first heap   total 51200K, used 22158K [0x00000000c1400000, 0x0000000100000000)
  region size 1024K, 3 young (3072K), 3 survivors (3072K)
 Metaspace       used 45322K, committed 45824K, reserved 1089536K
  class space    used 6369K, committed 6592K, reserved 1048576K
}

